android/app/build/intermediates/manifest_merge_blame_file/debug/manifest-merger-blame-debug-report.txt
1<?xml version="1.0" encoding="utf-8"?>
2<manifest xmlns:android="http://schemas.android.com/apk/res/android"
3    package="com.myxn"
4    android:versionCode="1"
5    android:versionName="1.0" >
6
7    <uses-sdk
8        android:minSdkVersion="16"
9        android:targetSdkVersion="29" />
10
11    <uses-permission android:name="android.permission.SYSTEM_ALERT_WINDOW" />
11-->src/debug/AndroidManifest.xml:5:5-77
11-->src/debug/AndroidManifest.xml:5:22-75
12    <uses-permission android:name="android.permission.INTERNET" />
12-->src/main/AndroidManifest.xml:4:5-67
12-->src/main/AndroidManifest.xml:4:22-64
13    <uses-permission android:name="android.permission.ACCESS_WIFI_STATE" />
13-->[com.facebook.flipper:flipper:0.37.0] AndroidManifest.xml:16:5-76
13-->[com.facebook.flipper:flipper:0.37.0] AndroidManifest.xml:16:22-73
14    <uses-permission android:name="android.permission.WAKE_LOCK" />
14-->[:react-native-firebase_auth] AndroidManifest.xml:12:5-68
14-->[:react-native-firebase_auth] AndroidManifest.xml:12:22-65
15    <uses-permission android:name="android.permission.ACCESS_NETWORK_STATE" />
15-->[:react-native-firebase_auth] AndroidManifest.xml:13:5-79
15-->[:react-native-firebase_auth] AndroidManifest.xml:13:22-76
16    <uses-permission android:name="com.google.android.finsky.permission.BIND_GET_INSTALL_REFERRER_SERVICE" />
16-->[com.google.android.gms:play-services-measurement:17.4.4] AndroidManifest.xml:26:5-110
16-->[com.google.android.gms:play-services-measurement:17.4.4] AndroidManifest.xml:26:22-107
17
18    <application
18-->src/main/AndroidManifest.xml:6:5-40:19
19        android:name="com.myxn.MainApplication"
19-->src/main/AndroidManifest.xml:7:7-38
20        android:allowBackup="false"
20-->src/main/AndroidManifest.xml:11:7-34
21        android:appComponentFactory="androidx.core.app.CoreComponentFactory"
21-->[androidx.core:core:1.1.0] AndroidManifest.xml:24:18-86
22        android:debuggable="true"
23        android:icon="@mipmap/ic_launcher"
23-->src/main/AndroidManifest.xml:9:7-41
24        android:label="@string/app_name"
24-->src/main/AndroidManifest.xml:8:7-39
25        android:roundIcon="@mipmap/ic_launcher_round"
25-->src/main/AndroidManifest.xml:10:7-52
26        android:supportsRtl="true"
26-->[com.facebook.android:facebook-login:7.1.0] AndroidManifest.xml:28:18-44
27        android:testOnly="true"
28        android:theme="@style/AppTheme"
28-->src/main/AndroidManifest.xml:12:7-38
29        android:usesCleartextTraffic="true" >
29-->src/debug/AndroidManifest.xml:7:18-53
30        <activity
30-->src/main/AndroidManifest.xml:14:7-24:18
31            android:name="com.myxn.MainActivity"
31-->src/main/AndroidManifest.xml:15:9-37
32            android:configChanges="keyboard|keyboardHidden|orientation|screenSize|uiMode"
32-->src/main/AndroidManifest.xml:17:9-86
33            android:label="@string/app_name"
33-->src/main/AndroidManifest.xml:16:9-41
34            android:launchMode="singleTask"
34-->src/main/AndroidManifest.xml:18:9-40
35            android:windowSoftInputMode="adjustNothing" >
35-->src/main/AndroidManifest.xml:19:9-52
36            <intent-filter>
36-->src/main/AndroidManifest.xml:20:9-23:25
37                <action android:name="android.intent.action.MAIN" />
37-->src/main/AndroidManifest.xml:21:13-65
37-->src/main/AndroidManifest.xml:21:21-62
38
39                <category android:name="android.intent.category.LAUNCHER" />
39-->src/main/AndroidManifest.xml:22:13-73
39-->src/main/AndroidManifest.xml:22:23-70
40            </intent-filter>
41        </activity>
42        <activity android:name="com.facebook.react.devsupport.DevSettingsActivity" />
42-->src/main/AndroidManifest.xml:25:7-84
42-->src/main/AndroidManifest.xml:25:17-81
43
44        <meta-data
44-->src/main/AndroidManifest.xml:26:9-107
45            android:name="com.facebook.sdk.ApplicationId"
45-->src/main/AndroidManifest.xml:26:20-65
46            android:value="@string/facebook_app_id" />
46-->src/main/AndroidManifest.xml:26:66-105
47
48        <activity
48-->src/main/AndroidManifest.xml:27:9-29:48
49            android:name="com.facebook.FacebookActivity"
49-->src/main/AndroidManifest.xml:27:19-63
50            android:configChanges="keyboard|keyboardHidden|screenLayout|screenSize|orientation"
50-->src/main/AndroidManifest.xml:28:13-97
51            android:label="@string/app_name"
51-->src/main/AndroidManifest.xml:29:13-45
52            android:theme="@style/com_facebook_activity_theme" />
52-->[com.facebook.android:facebook-common:7.1.0] AndroidManifest.xml:33:13-63
53        <activity
53-->src/main/AndroidManifest.xml:30:9-38:20
54            android:name="com.facebook.CustomTabActivity"
54-->src/main/AndroidManifest.xml:30:19-64
55            android:exported="true" >
55-->src/main/AndroidManifest.xml:31:13-36
56            <intent-filter>
56-->src/main/AndroidManifest.xml:32:13-37:29
57                <action android:name="android.intent.action.VIEW" />
57-->src/main/AndroidManifest.xml:33:17-69
57-->src/main/AndroidManifest.xml:33:25-66
58
59                <category android:name="android.intent.category.DEFAULT" />
59-->src/main/AndroidManifest.xml:34:17-76
59-->src/main/AndroidManifest.xml:34:27-73
60                <category android:name="android.intent.category.BROWSABLE" />
60-->src/main/AndroidManifest.xml:35:17-78
60-->src/main/AndroidManifest.xml:35:27-75
61
62                <data android:scheme="@string/fb_login_protocol_scheme" />
62-->src/main/AndroidManifest.xml:36:17-75
62-->src/main/AndroidManifest.xml:36:23-72
63            </intent-filter>
64            <intent-filter>
64-->[com.facebook.android:facebook-common:7.1.0] AndroidManifest.xml:39:13-48:29
65                <action android:name="android.intent.action.VIEW" />
65-->src/main/AndroidManifest.xml:33:17-69
65-->src/main/AndroidManifest.xml:33:25-66
66
67                <category android:name="android.intent.category.DEFAULT" />
67-->src/main/AndroidManifest.xml:34:17-76
67-->src/main/AndroidManifest.xml:34:27-73
68                <category android:name="android.intent.category.BROWSABLE" />
68-->src/main/AndroidManifest.xml:35:17-78
68-->src/main/AndroidManifest.xml:35:27-75
69
70                <data
70-->src/main/AndroidManifest.xml:36:17-75
71                    android:host="cct.com.myxn"
72                    android:scheme="fbconnect" />
72-->src/main/AndroidManifest.xml:36:23-72
73            </intent-filter>
74        </activity>
75        <activity android:name="com.facebook.CustomTabMainActivity" />
75-->[com.facebook.android:facebook-common:7.1.0] AndroidManifest.xml:34:9-71
75-->[com.facebook.android:facebook-common:7.1.0] AndroidManifest.xml:34:19-68
76        <!--
77         The initialization ContentProvider will call FacebookSdk.sdkInitialize automatically
78         with the application context. This config is merged in with the host app's manifest,
79         but there can only be one provider with the same authority activated at any given
80         point; so if the end user has two or more different apps that use Facebook SDK, only the
81         first one will be able to use the provider. To work around this problem, we use the
82         following placeholder in the authority to identify each host application as if it was
83         a completely different provider.
84        -->
85        <provider
85-->[com.facebook.android:facebook-core:7.1.0] AndroidManifest.xml:39:9-42:40
86            android:name="com.facebook.internal.FacebookInitProvider"
86-->[com.facebook.android:facebook-core:7.1.0] AndroidManifest.xml:40:13-70
87            android:authorities="com.myxn.FacebookInitProvider"
87-->[com.facebook.android:facebook-core:7.1.0] AndroidManifest.xml:41:13-72
88            android:exported="false" />
88-->[com.facebook.android:facebook-core:7.1.0] AndroidManifest.xml:42:13-37
89
90        <receiver
90-->[com.facebook.android:facebook-core:7.1.0] AndroidManifest.xml:44:9-50:20
91            android:name="com.facebook.CurrentAccessTokenExpirationBroadcastReceiver"
91-->[com.facebook.android:facebook-core:7.1.0] AndroidManifest.xml:45:13-86
92            android:exported="false" >
92-->[com.facebook.android:facebook-core:7.1.0] AndroidManifest.xml:46:13-37
93            <intent-filter>
93-->[com.facebook.android:facebook-core:7.1.0] AndroidManifest.xml:47:13-49:29
94                <action android:name="com.facebook.sdk.ACTION_CURRENT_ACCESS_TOKEN_CHANGED" />
94-->[com.facebook.android:facebook-core:7.1.0] AndroidManifest.xml:48:17-95
94-->[com.facebook.android:facebook-core:7.1.0] AndroidManifest.xml:48:25-92
95            </intent-filter>
96        </receiver>
97
98        <activity
98-->[com.google.android.gms:play-services-auth:18.0.0] AndroidManifest.xml:23:9-27:75
99            android:name="com.google.android.gms.auth.api.signin.internal.SignInHubActivity"
99-->[com.google.android.gms:play-services-auth:18.0.0] AndroidManifest.xml:24:13-93
100            android:excludeFromRecents="true"
100-->[com.google.android.gms:play-services-auth:18.0.0] AndroidManifest.xml:25:13-46
101            android:exported="false"
101-->[com.google.android.gms:play-services-auth:18.0.0] AndroidManifest.xml:26:13-37
102            android:theme="@android:style/Theme.Translucent.NoTitleBar" />
102-->[com.google.android.gms:play-services-auth:18.0.0] AndroidManifest.xml:27:13-72
103        <!--
104            Service handling Google Sign-In user revocation. For apps that do not integrate with
105            Google Sign-In, this service will never be started.
106        -->
107        <service
107-->[com.google.android.gms:play-services-auth:18.0.0] AndroidManifest.xml:33:9-36:110
108            android:name="com.google.android.gms.auth.api.signin.RevocationBoundService"
108-->[com.google.android.gms:play-services-auth:18.0.0] AndroidManifest.xml:34:13-89
109            android:exported="true"
109-->[com.google.android.gms:play-services-auth:18.0.0] AndroidManifest.xml:35:13-36
110            android:permission="com.google.android.gms.auth.api.signin.permission.REVOCATION_NOTIFICATION" />
110-->[com.google.android.gms:play-services-auth:18.0.0] AndroidManifest.xml:36:13-107
111
112        <activity
112-->[com.google.firebase:firebase-auth:19.3.2] AndroidManifest.xml:24:9-31:50
113            android:name="com.google.firebase.auth.internal.FederatedSignInActivity"
113-->[com.google.firebase:firebase-auth:19.3.2] AndroidManifest.xml:25:13-85
114            android:excludeFromRecents="true"
114-->[com.google.firebase:firebase-auth:19.3.2] AndroidManifest.xml:26:13-46
115            android:exported="true"
115-->[com.google.firebase:firebase-auth:19.3.2] AndroidManifest.xml:27:13-36
116            android:launchMode="singleTask"
116-->[com.google.firebase:firebase-auth:19.3.2] AndroidManifest.xml:28:13-44
117            android:permission="com.google.firebase.auth.api.gms.permission.LAUNCH_FEDERATED_SIGN_IN"
117-->[com.google.firebase:firebase-auth:19.3.2] AndroidManifest.xml:29:13-102
118            android:theme="@android:style/Theme.Translucent.NoTitleBar" />
118-->[com.google.firebase:firebase-auth:19.3.2] AndroidManifest.xml:30:13-72
119
120        <service
120-->[com.google.firebase:firebase-auth:19.3.2] AndroidManifest.xml:33:9-39:19
121            android:name="com.google.firebase.components.ComponentDiscoveryService"
121-->[com.google.firebase:firebase-auth:19.3.2] AndroidManifest.xml:34:13-84
122            android:directBootAware="true"
122-->[com.google.firebase:firebase-common:19.3.0] AndroidManifest.xml:34:13-43
123            android:exported="false" >
123-->[com.google.firebase:firebase-auth:19.3.2] AndroidManifest.xml:35:13-37
124            <meta-data
124-->[com.google.firebase:firebase-auth:19.3.2] AndroidManifest.xml:36:13-38:85
125                android:name="com.google.firebase.components:com.google.firebase.auth.FirebaseAuthRegistrar"
125-->[com.google.firebase:firebase-auth:19.3.2] AndroidManifest.xml:37:17-109
126                android:value="com.google.firebase.components.ComponentRegistrar" />
126-->[com.google.firebase:firebase-auth:19.3.2] AndroidManifest.xml:38:17-82
127            <meta-data
127-->[com.google.android.gms:play-services-measurement-api:17.4.4] AndroidManifest.xml:30:13-32:85
128                android:name="com.google.firebase.components:com.google.firebase.analytics.connector.internal.AnalyticsConnectorRegistrar"
128-->[com.google.android.gms:play-services-measurement-api:17.4.4] AndroidManifest.xml:31:17-139
129                android:value="com.google.firebase.components.ComponentRegistrar" />
129-->[com.google.android.gms:play-services-measurement-api:17.4.4] AndroidManifest.xml:32:17-82
130            <meta-data
130-->[com.google.firebase:firebase-installations:16.3.2] AndroidManifest.xml:17:13-19:85
131                android:name="com.google.firebase.components:com.google.firebase.installations.FirebaseInstallationsRegistrar"
131-->[com.google.firebase:firebase-installations:16.3.2] AndroidManifest.xml:18:17-127
132                android:value="com.google.firebase.components.ComponentRegistrar" />
132-->[com.google.firebase:firebase-installations:16.3.2] AndroidManifest.xml:19:17-82
133        </service>
134
135        <activity
135-->[com.google.android.gms:play-services-base:17.1.0] AndroidManifest.xml:23:9-26:75
136            android:name="com.google.android.gms.common.api.GoogleApiActivity"
136-->[com.google.android.gms:play-services-base:17.1.0] AndroidManifest.xml:24:13-79
137            android:exported="false"
137-->[com.google.android.gms:play-services-base:17.1.0] AndroidManifest.xml:25:13-37
138            android:theme="@android:style/Theme.Translucent.NoTitleBar" />
138-->[com.google.android.gms:play-services-base:17.1.0] AndroidManifest.xml:26:13-72
139
140        <provider
140-->[com.google.firebase:firebase-common:19.3.0] AndroidManifest.xml:26:9-30:39
141            android:name="com.google.firebase.provider.FirebaseInitProvider"
141-->[com.google.firebase:firebase-common:19.3.0] AndroidManifest.xml:27:13-77
142            android:authorities="com.myxn.firebaseinitprovider"
142-->[com.google.firebase:firebase-common:19.3.0] AndroidManifest.xml:28:13-72
143            android:exported="false"
143-->[com.google.firebase:firebase-common:19.3.0] AndroidManifest.xml:29:13-37
144            android:initOrder="100" />
144-->[com.google.firebase:firebase-common:19.3.0] AndroidManifest.xml:30:13-36
145
146        <receiver
146-->[com.google.android.gms:play-services-measurement:17.4.4] AndroidManifest.xml:29:9-33:20
147            android:name="com.google.android.gms.measurement.AppMeasurementReceiver"
147-->[com.google.android.gms:play-services-measurement:17.4.4] AndroidManifest.xml:30:13-85
148            android:enabled="true"
148-->[com.google.android.gms:play-services-measurement:17.4.4] AndroidManifest.xml:31:13-35
149            android:exported="false" >
149-->[com.google.android.gms:play-services-measurement:17.4.4] AndroidManifest.xml:32:13-37
150        </receiver>
151
152        <service
152-->[com.google.android.gms:play-services-measurement:17.4.4] AndroidManifest.xml:35:9-38:40
153            android:name="com.google.android.gms.measurement.AppMeasurementService"
153-->[com.google.android.gms:play-services-measurement:17.4.4] AndroidManifest.xml:36:13-84
154            android:enabled="true"
154-->[com.google.android.gms:play-services-measurement:17.4.4] AndroidManifest.xml:37:13-35
155            android:exported="false" />
155-->[com.google.android.gms:play-services-measurement:17.4.4] AndroidManifest.xml:38:13-37
156        <service
156-->[com.google.android.gms:play-services-measurement:17.4.4] AndroidManifest.xml:39:9-43:72
157            android:name="com.google.android.gms.measurement.AppMeasurementJobService"
157-->[com.google.android.gms:play-services-measurement:17.4.4] AndroidManifest.xml:40:13-87
158            android:enabled="true"
158-->[com.google.android.gms:play-services-measurement:17.4.4] AndroidManifest.xml:41:13-35
159            android:exported="false"
159-->[com.google.android.gms:play-services-measurement:17.4.4] AndroidManifest.xml:42:13-37
160            android:permission="android.permission.BIND_JOB_SERVICE" />
160-->[com.google.android.gms:play-services-measurement:17.4.4] AndroidManifest.xml:43:13-69
161
162        <meta-data
162-->[com.google.android.gms:play-services-basement:17.1.1] AndroidManifest.xml:23:9-25:69
163            android:name="com.google.android.gms.version"
163-->[com.google.android.gms:play-services-basement:17.1.1] AndroidManifest.xml:24:13-58
164            android:value="@integer/google_play_services_version" />
164-->[com.google.android.gms:play-services-basement:17.1.1] AndroidManifest.xml:25:13-66
165    </application>
166
167</manifest>